19.03.2021 04:43:16 sql=[select * from nguoidung where TaiKhoan = "yuuji79" and MatKhau = "a"] 
19.03.2021 04:43:59 sql=[select * from nguoidung where TaiKhoan = "admin" and MatKhau = "a"] 
19.03.2021 04:45:27 sql=[select * from nguoidung where TaiKhoan = "qqqq" and MatKhau = "qqqq"] 
19.03.2021 04:45:42 sql=[select * from nguoidung where TaiKhoan = "aaa" and MatKhau = "aaa"] 
19.03.2021 04:45:43 sql=[select * from nguoidung where TaiKhoan = "aaa" and MatKhau = "aaa"] 
19.03.2021 04:45:43 sql=[select * from nguoidung where TaiKhoan = "aaa" and MatKhau = "aaa"] 
19.03.2021 04:45:43 sql=[select * from nguoidung where TaiKhoan = "aaa" and MatKhau = "aaa"] 
19.03.2021 04:45:43 sql=[select * from nguoidung where TaiKhoan = "aaa" and MatKhau = "aaa"] 
19.03.2021 04:45:44 sql=[select * from nguoidung where TaiKhoan = "aaa" and MatKhau = "aaa"] 
19.03.2021 04:45:44 sql=[select * from nguoidung where TaiKhoan = "aaa" and MatKhau = "aaa"] 
19.03.2021 04:45:44 sql=[select * from nguoidung where TaiKhoan = "aaa" and MatKhau = "aaa"] 
19.03.2021 04:45:44 sql=[select * from nguoidung where TaiKhoan = "aaa" and MatKhau = "aaa"] 
19.03.2021 04:45:44 sql=[select * from nguoidung where TaiKhoan = "aaa" and MatKhau = "aaa"] 
19.03.2021 04:45:45 sql=[select * from nguoidung where TaiKhoan = "aaa" and MatKhau = "aaa"] 
19.03.2021 07:37:59 sql=[select * from nguoidung where TaiKhoan = "aa" and MatKhau = "aaa"] 
19.03.2021 07:38:05 sql=[select * from nguoidung where TaiKhoan = "aa" and MatKhau = "aaa"] 
19.03.2021 07:38:31 sql=[select * from nguoidung where TaiKhoan = "aaa" and MatKhau = "aaa"] 
19.03.2021 07:38:48 sql=[select * from nguoidung where TaiKhoan = "admin" and MatKhau = "12345"] 
19.03.2021 07:41:23 sql=[select * from nguoidung where TaiKhoan = "aaa" and MatKhau = "aa"] 
19.03.2021 07:41:35 sql=[select * from nguoidung where TaiKhoan = "admin" and MatKhau = "12345"] 
19.03.2021 07:46:26 sql=[select * from nguoidung where TaiKhoan = "à" and MatKhau = "à"] 
19.03.2021 07:46:35 sql=[select * from nguoidung where TaiKhoan = "admin" and MatKhau = "12345"] 
19.03.2021 07:47:09 sql=[select * from nguoidung where TaiKhoan = "aaaa" and MatKhau = "112"] 
19.03.2021 07:47:24 sql=[select * from nguoidung where TaiKhoan = "admin" and MatKhau = "12345"] 
19.03.2021 07:48:32 sql=[select * from nguoidung where TaiKhoan = "yuuji79" and MatKhau = "123"] 
19.03.2021 07:48:39 sql=[select * from nguoidung where TaiKhoan = "admin" and MatKhau = "12345"] 
19.03.2021 07:51:06 sql=[select * from nguoidung where TaiKhoan = "admin" and MatKhau = "12345"] 
19.03.2021 07:59:38 sql=[select * from nguoidung where TaiKhoan = "admin" and MatKhau = "12345"] 
19.03.2021 07:59:40 sql=[select * from nguoidung where TaiKhoan = "admin" and MatKhau = "12345"] 
19.03.2021 07:59:41 sql=[select * from nguoidung where TaiKhoan = "admin" and MatKhau = "12345"] 
19.03.2021 07:59:41 sql=[select * from nguoidung where TaiKhoan = "admin" and MatKhau = "12345"] 
19.03.2021 07:59:41 sql=[select * from nguoidung where TaiKhoan = "admin" and MatKhau = "12345"] 
19.03.2021 07:59:53 sql=[select * from nguoidung where TaiKhoan = "vuminhquang.dsn@gmail.com" and MatKhau = "23"] 
19.03.2021 08:00:02 sql=[select * from nguoidung where TaiKhoan = "admin" and MatKhau = "12345"] 
19.03.2021 08:00:03 sql=[select * from nguoidung where TaiKhoan = "admin" and MatKhau = "12345"] 
19.03.2021 08:00:03 sql=[select * from nguoidung where TaiKhoan = "admin" and MatKhau = "12345"] 
19.03.2021 08:00:04 sql=[select * from nguoidung where TaiKhoan = "admin" and MatKhau = "12345"] 
19.03.2021 08:00:04 sql=[select * from nguoidung where TaiKhoan = "admin" and MatKhau = "12345"] 
19.03.2021 08:00:04 sql=[select * from nguoidung where TaiKhoan = "admin" and MatKhau = "12345"] 
19.03.2021 08:00:05 sql=[select * from nguoidung where TaiKhoan = "admin" and MatKhau = "12345"] 
19.03.2021 08:00:57 sql=[select * from nguoidung where TaiKhoan = "admin" and MatKhau = "12345"] 
19.03.2021 08:00:58 sql=[select * from nguoidung where TaiKhoan = "admin" and MatKhau = "12345"] 
19.03.2021 08:00:58 sql=[select * from nguoidung where TaiKhoan = "admin" and MatKhau = "12345"] 
19.03.2021 08:00:59 sql=[select * from nguoidung where TaiKhoan = "admin" and MatKhau = "12345"] 
19.03.2021 08:00:59 sql=[select * from nguoidung where TaiKhoan = "admin" and MatKhau = "12345"] 
19.03.2021 08:01:16 sql=[select * from nguoidung where TaiKhoan = "admin" and MatKhau = "12345"] 
19.03.2021 08:02:29 sql=[select * from nguoidung where TaiKhoan = "admin" and MatKhau = "12345"] 
19.03.2021 08:03:22 sql=[select * from nguoidung where TaiKhoan = "admin" and MatKhau = "12345"] 
19.03.2021 08:03:54 sql=[select * from nguoidung where TaiKhoan = "admin" and MatKhau = "12345"] 
19.03.2021 08:04:16 sql=[select * from nguoidung where TaiKhoan = "admin" and MatKhau = "12345"] 
19.03.2021 08:04:17 sql=[select * from nguoidung where TaiKhoan = "admin" and MatKhau = "12345"] 
19.03.2021 08:04:17 sql=[select * from nguoidung where TaiKhoan = "admin" and MatKhau = "12345"] 
19.03.2021 08:04:17 sql=[select * from nguoidung where TaiKhoan = "admin" and MatKhau = "12345"] 
19.03.2021 08:04:18 sql=[select * from nguoidung where TaiKhoan = "admin" and MatKhau = "12345"] 
19.03.2021 08:05:32 sql=[select * from nguoidung where TaiKhoan = "admin" and MatKhau = "12345"] 
19.03.2021 08:06:24 sql=[select * from nguoidung where TaiKhoan = "admin" and MatKhau = "12345"] 
20.03.2021 03:07:44 sql=[select * from nguoidung where TaiKhoan = "vuminhquang.dsn@gmail.com" and MatKhau = "aa"] 
20.03.2021 03:07:52 sql=[select * from nguoidung where TaiKhoan = "admin" and MatKhau = "12345"] 
20.03.2021 03:20:43 <!-- sql=[insert into nguoidung(TaiKhoan,MatKhau,TenNguoiDung,Email) values("ac","pw","un","em")] --> 
